<html>
<head>
<title>TestNG:  Test</title>
<link href="../testng.css" rel="stylesheet" type="text/css" />
<link href="../my-testng.css" rel="stylesheet" type="text/css" />

<style type="text/css">
.log { display: none;} 
.stack-trace { display: none;} 
</style>
<script type="text/javascript">
<!--
function flip(e) {
  current = e.style.display;
  if (current == 'block') {
    e.style.display = 'none';
    return 0;
  }
  else {
    e.style.display = 'block';
    return 1;
  }
}

function toggleBox(szDivId, elem, msg1, msg2)
{
  var res = -1;  if (document.getElementById) {
    res = flip(document.getElementById(szDivId));
  }
  else if (document.all) {
    // this is the way old msie versions work
    res = flip(document.all[szDivId]);
  }
  if(elem) {
    if(res == 0) elem.innerHTML = msg1; else elem.innerHTML = msg2;
  }

}

function toggleAllBoxes() {
  if (document.getElementsByTagName) {
    d = document.getElementsByTagName('div');
    for (i = 0; i < d.length; i++) {
      if (d[i].className == 'log') {
        flip(d[i]);
      }
    }
  }
}

// -->
</script>

</head>
<body>
<h2 align='center'>Test</h2><table border='1' align="center">
<tr>
<td>Tests passed/Failed/Skipped:</td><td>16/2/0</td>
</tr><tr>
<td>Started on:</td><td>Wed Oct 16 13:49:57 IST 2024</td>
</tr>
<tr><td>Total time:</td><td>155 seconds (155876 ms)</td>
</tr><tr>
<td>Included groups:</td><td>Sanity Regression </td>
</tr><tr>
<td>Excluded groups:</td><td></td>
</tr>
</table><p/>
<small><i>(Hover the method name to see the test class name)</i></small><p/>
<table width='100%' border='1' class='invocation-failed'>
<tr><td colspan='4' align='center'><b>FAILED TESTS</b></td></tr>
<tr><td><b>Test method</b></td>
<td><b>Attribute(s)</b></td>
<td width="30%"><b>Exception</b></td>
<td width="10%"><b>Time (seconds)</b></td>
<td><b>Instance</b></td>
</tr>
<tr>
<td title='TestCases._2_LoginPageTestCase.verfiyLoginToApplicationTest()'><b>verfiyLoginToApplicationTest</b><br>Test class: TestCases._2_LoginPageTestCase</td>
<td><div><pre>java.lang.AssertionError: expected [Log In | Investopedia] but found [Portfolio - Investopedia Stock Simulator]
	at TestCases._2_LoginPageTestCase.verfiyLoginToApplicationTest(_2_LoginPageTestCase.java:109)
	at java.base/java.util.ArrayList.forEach(ArrayList.java:1511)
... Removed 33 stack frames</pre></div><a href='#' onClick='toggleBox("stack-trace2010024132", this, "Click to show all stack frames", "Click to hide stack frames")'>Click to show all stack frames</a>
<div class='stack-trace' id='stack-trace2010024132'><pre>java.lang.AssertionError: expected [Log In | Investopedia] but found [Portfolio - Investopedia Stock Simulator]
	at org.testng.Assert.fail(Assert.java:110)
	at org.testng.Assert.failNotEquals(Assert.java:1413)
	at org.testng.Assert.assertEqualsImpl(Assert.java:149)
	at org.testng.Assert.assertEquals(Assert.java:131)
	at org.testng.Assert.assertEquals(Assert.java:655)
	at org.testng.Assert.assertEquals(Assert.java:665)
	at TestCases._2_LoginPageTestCase.verfiyLoginToApplicationTest(_2_LoginPageTestCase.java:109)
	at java.base/jdk.internal.reflect.NativeMethodAccessorImpl.invoke0(Native Method)
	at java.base/jdk.internal.reflect.NativeMethodAccessorImpl.invoke(NativeMethodAccessorImpl.java:77)
	at java.base/jdk.internal.reflect.DelegatingMethodAccessorImpl.invoke(DelegatingMethodAccessorImpl.java:43)
	at java.base/java.lang.reflect.Method.invoke(Method.java:568)
	at org.testng.internal.invokers.MethodInvocationHelper.invokeMethod(MethodInvocationHelper.java:139)
	at org.testng.internal.invokers.TestInvoker.invokeMethod(TestInvoker.java:677)
	at org.testng.internal.invokers.TestInvoker.invokeTestMethod(TestInvoker.java:221)
	at org.testng.internal.invokers.MethodRunner.runInSequence(MethodRunner.java:50)
	at org.testng.internal.invokers.TestInvoker$MethodInvocationAgent.invoke(TestInvoker.java:969)
	at org.testng.internal.invokers.TestInvoker.invokeTestMethods(TestInvoker.java:194)
	at org.testng.internal.invokers.TestMethodWorker.invokeTestMethods(TestMethodWorker.java:148)
	at org.testng.internal.invokers.TestMethodWorker.run(TestMethodWorker.java:128)
	at java.base/java.util.ArrayList.forEach(ArrayList.java:1511)
	at org.testng.TestRunner.privateRun(TestRunner.java:829)
	at org.testng.TestRunner.run(TestRunner.java:602)
	at org.testng.SuiteRunner.runTest(SuiteRunner.java:437)
	at org.testng.SuiteRunner.runSequentially(SuiteRunner.java:431)
	at org.testng.SuiteRunner.privateRun(SuiteRunner.java:391)
	at org.testng.SuiteRunner.run(SuiteRunner.java:330)
	at org.testng.SuiteRunnerWorker.runSuite(SuiteRunnerWorker.java:52)
	at org.testng.SuiteRunnerWorker.run(SuiteRunnerWorker.java:95)
	at org.testng.TestNG.runSuitesSequentially(TestNG.java:1256)
	at org.testng.TestNG.runSuitesLocally(TestNG.java:1176)
	at org.testng.TestNG.runSuites(TestNG.java:1099)
	at org.testng.TestNG.run(TestNG.java:1067)
	at org.testng.remote.AbstractRemoteTestNG.run(AbstractRemoteTestNG.java:115)
	at org.testng.remote.RemoteTestNG.initAndRun(RemoteTestNG.java:293)
	at org.testng.remote.RemoteTestNG.main(RemoteTestNG.java:91)
</pre></div></td>
<td>3</td>
<td>TestCases._2_LoginPageTestCase@1a72a540</td></tr>
<tr>
<td title='TestCases._2_LoginPageTestCase.verfiyLoginPageURLTest()'><b>verfiyLoginPageURLTest</b><br>Test class: TestCases._2_LoginPageTestCase</td>
<td><div><pre>java.lang.AssertionError: expected [https://auth.investopedia.com/realms/investopedia/protocol/openid-connect/auth?client_id=finance-simulator&amp;redirect_uri=https%3A%2F%2Fwww.investopedia.com%2Fsimulator%2Fportfolio&amp;state=494c1703-4dfe-45cf-9eaf-46a36045e208&amp;response_mode=fragment&amp;response_type=code&amp;scope=openid&amp;nonce=1238173b-1313-45ca-93df-f5e60a8aa566] but found [https://auth.investopedia.com/realms/investopedia/protocol/openid-connect/auth?client_id=finance-simulator&amp;redirect_uri=https%3A%2F%2Fwww.investopedia.com%2Fsimulator%2Fportfolio&amp;state=166fc85f-fd1f-4b08-8c1b-499c1692f221&amp;response_mode=fragment&amp;response_type=code&amp;scope=openid&amp;nonce=a2db27c2-1b63-47e1-94d9-c7d30025e808]
	at TestCases._2_LoginPageTestCase.verfiyLoginPageURLTest(_2_LoginPageTestCase.java:37)
	at java.base/java.util.ArrayList.forEach(ArrayList.java:1511)
... Removed 33 stack frames</pre></div><a href='#' onClick='toggleBox("stack-trace336750636", this, "Click to show all stack frames", "Click to hide stack frames")'>Click to show all stack frames</a>
<div class='stack-trace' id='stack-trace336750636'><pre>java.lang.AssertionError: expected [https://auth.investopedia.com/realms/investopedia/protocol/openid-connect/auth?client_id=finance-simulator&amp;redirect_uri=https%3A%2F%2Fwww.investopedia.com%2Fsimulator%2Fportfolio&amp;state=494c1703-4dfe-45cf-9eaf-46a36045e208&amp;response_mode=fragment&amp;response_type=code&amp;scope=openid&amp;nonce=1238173b-1313-45ca-93df-f5e60a8aa566] but found [https://auth.investopedia.com/realms/investopedia/protocol/openid-connect/auth?client_id=finance-simulator&amp;redirect_uri=https%3A%2F%2Fwww.investopedia.com%2Fsimulator%2Fportfolio&amp;state=166fc85f-fd1f-4b08-8c1b-499c1692f221&amp;response_mode=fragment&amp;response_type=code&amp;scope=openid&amp;nonce=a2db27c2-1b63-47e1-94d9-c7d30025e808]
	at org.testng.Assert.fail(Assert.java:110)
	at org.testng.Assert.failNotEquals(Assert.java:1413)
	at org.testng.Assert.assertEqualsImpl(Assert.java:149)
	at org.testng.Assert.assertEquals(Assert.java:131)
	at org.testng.Assert.assertEquals(Assert.java:655)
	at org.testng.Assert.assertEquals(Assert.java:665)
	at TestCases._2_LoginPageTestCase.verfiyLoginPageURLTest(_2_LoginPageTestCase.java:37)
	at java.base/jdk.internal.reflect.NativeMethodAccessorImpl.invoke0(Native Method)
	at java.base/jdk.internal.reflect.NativeMethodAccessorImpl.invoke(NativeMethodAccessorImpl.java:77)
	at java.base/jdk.internal.reflect.DelegatingMethodAccessorImpl.invoke(DelegatingMethodAccessorImpl.java:43)
	at java.base/java.lang.reflect.Method.invoke(Method.java:568)
	at org.testng.internal.invokers.MethodInvocationHelper.invokeMethod(MethodInvocationHelper.java:139)
	at org.testng.internal.invokers.TestInvoker.invokeMethod(TestInvoker.java:677)
	at org.testng.internal.invokers.TestInvoker.invokeTestMethod(TestInvoker.java:221)
	at org.testng.internal.invokers.MethodRunner.runInSequence(MethodRunner.java:50)
	at org.testng.internal.invokers.TestInvoker$MethodInvocationAgent.invoke(TestInvoker.java:969)
	at org.testng.internal.invokers.TestInvoker.invokeTestMethods(TestInvoker.java:194)
	at org.testng.internal.invokers.TestMethodWorker.invokeTestMethods(TestMethodWorker.java:148)
	at org.testng.internal.invokers.TestMethodWorker.run(TestMethodWorker.java:128)
	at java.base/java.util.ArrayList.forEach(ArrayList.java:1511)
	at org.testng.TestRunner.privateRun(TestRunner.java:829)
	at org.testng.TestRunner.run(TestRunner.java:602)
	at org.testng.SuiteRunner.runTest(SuiteRunner.java:437)
	at org.testng.SuiteRunner.runSequentially(SuiteRunner.java:431)
	at org.testng.SuiteRunner.privateRun(SuiteRunner.java:391)
	at org.testng.SuiteRunner.run(SuiteRunner.java:330)
	at org.testng.SuiteRunnerWorker.runSuite(SuiteRunnerWorker.java:52)
	at org.testng.SuiteRunnerWorker.run(SuiteRunnerWorker.java:95)
	at org.testng.TestNG.runSuitesSequentially(TestNG.java:1256)
	at org.testng.TestNG.runSuitesLocally(TestNG.java:1176)
	at org.testng.TestNG.runSuites(TestNG.java:1099)
	at org.testng.TestNG.run(TestNG.java:1067)
	at org.testng.remote.AbstractRemoteTestNG.run(AbstractRemoteTestNG.java:115)
	at org.testng.remote.RemoteTestNG.initAndRun(RemoteTestNG.java:293)
	at org.testng.remote.RemoteTestNG.main(RemoteTestNG.java:91)
</pre></div></td>
<td>0</td>
<td>TestCases._2_LoginPageTestCase@1a72a540</td></tr>
</table><p>
<table width='100%' border='1' class='invocation-passed'>
<tr><td colspan='4' align='center'><b>PASSED TESTS</b></td></tr>
<tr><td><b>Test method</b></td>
<td><b>Attribute(s)</b></td>
<td width="30%"><b>Exception</b></td>
<td width="10%"><b>Time (seconds)</b></td>
<td><b>Instance</b></td>
</tr>
<tr>
<td title='TestCases._1_HomePageTestCase.verifygetStartedButtonTest()'><b>verifygetStartedButtonTest</b><br>Test class: TestCases._1_HomePageTestCase<br/>
<a href="#Output-1312966018" onClick='toggleBox("Output-1312966018", this, "Show output", "Hide output");'>Show output</a>

<a href="#Output-1312966018" onClick="toggleAllBoxes();">Show all outputs</a>
<div class='log' id="Output-1312966018">
 'Started Button' is showing on Webpage<br/>
</div>
</td>
<td></td>
<td>0</td>
<td>TestCases._1_HomePageTestCase@5b3f61ff</td></tr>
<tr>
<td title='TestCases._2_LoginPageTestCase.verifycreateAccountLinkTest()'><b>verifycreateAccountLinkTest</b><br>Test class: TestCases._2_LoginPageTestCase<br/>
<a href="#Output-1441015428" onClick='toggleBox("Output-1441015428", this, "Show output", "Hide output");'>Show output</a>

<a href="#Output-1441015428" onClick="toggleAllBoxes();">Show all outputs</a>
<div class='log' id="Output-1441015428">
Create account link showing in page:- true<br/>
</div>
</td>
<td></td>
<td>0</td>
<td>TestCases._2_LoginPageTestCase@1a72a540</td></tr>
<tr>
<td title='TestCases._1_HomePageTestCase.verifypolicyLableTest()'><b>verifypolicyLableTest</b><br>Test class: TestCases._1_HomePageTestCase<br/>
<a href="#Output-947982595" onClick='toggleBox("Output-947982595", this, "Show output", "Hide output");'>Show output</a>

<a href="#Output-947982595" onClick="toggleAllBoxes();">Show all outputs</a>
<div class='log' id="Output-947982595">
 'Policy Lable' is showing on Webpage<br/>
</div>
</td>
<td></td>
<td>0</td>
<td>TestCases._1_HomePageTestCase@5b3f61ff</td></tr>
<tr>
<td title='TestCases._2_LoginPageTestCase.verifyuserNameTextBoxTest()'><b>verifyuserNameTextBoxTest</b><br>Test class: TestCases._2_LoginPageTestCase<br/>
<a href="#Output-421984610" onClick='toggleBox("Output-421984610", this, "Show output", "Hide output");'>Show output</a>

<a href="#Output-421984610" onClick="toggleAllBoxes();">Show all outputs</a>
<div class='log' id="Output-421984610">
Username text box showing in the website:- true<br/>
</div>
</td>
<td></td>
<td>0</td>
<td>TestCases._2_LoginPageTestCase@1a72a540</td></tr>
<tr>
<td title='TestCases._1_HomePageTestCase.verifyTitleTest()'><b>verifyTitleTest</b><br>Test class: TestCases._1_HomePageTestCase<br/>
<a href="#Output-1459040434" onClick='toggleBox("Output-1459040434", this, "Show output", "Hide output");'>Show output</a>

<a href="#Output-1459040434" onClick="toggleAllBoxes();">Show all outputs</a>
<div class='log' id="Output-1459040434">
 'Title' is showing on Webpage<br/>
</div>
</td>
<td></td>
<td>1</td>
<td>TestCases._1_HomePageTestCase@5b3f61ff</td></tr>
<tr>
<td title='TestCases._2_LoginPageTestCase.verifybackButtonTest()'><b>verifybackButtonTest</b><br>Test class: TestCases._2_LoginPageTestCase<br/>
<a href="#Output-850683953" onClick='toggleBox("Output-850683953", this, "Show output", "Hide output");'>Show output</a>

<a href="#Output-850683953" onClick="toggleAllBoxes();">Show all outputs</a>
<div class='log' id="Output-850683953">
Back button showing in website:- true<br/>
</div>
</td>
<td></td>
<td>0</td>
<td>TestCases._2_LoginPageTestCase@1a72a540</td></tr>
<tr>
<td title='TestCases._1_HomePageTestCase.verifyloginButtonTest()'><b>verifyloginButtonTest</b><br>Test class: TestCases._1_HomePageTestCase<br/>
<a href="#Output-1890881203" onClick='toggleBox("Output-1890881203", this, "Show output", "Hide output");'>Show output</a>

<a href="#Output-1890881203" onClick="toggleAllBoxes();">Show all outputs</a>
<div class='log' id="Output-1890881203">
 'Login Button' is showing on Webpage<br/>
</div>
</td>
<td></td>
<td>0</td>
<td>TestCases._1_HomePageTestCase@5b3f61ff</td></tr>
<tr>
<td title='TestCases._2_LoginPageTestCase.verifyforgatePasswordLinkTest()'><b>verifyforgatePasswordLinkTest</b><br>Test class: TestCases._2_LoginPageTestCase<br/>
<a href="#Output-1043090763" onClick='toggleBox("Output-1043090763", this, "Show output", "Hide output");'>Show output</a>

<a href="#Output-1043090763" onClick="toggleAllBoxes();">Show all outputs</a>
<div class='log' id="Output-1043090763">
Forgate password link  showing in website:- true<br/>
</div>
</td>
<td></td>
<td>0</td>
<td>TestCases._2_LoginPageTestCase@1a72a540</td></tr>
<tr>
<td title='TestCases._1_HomePageTestCase.verifyURLTest()'><b>verifyURLTest</b><br>Test class: TestCases._1_HomePageTestCase<br/>
<a href="#Output-1872905355" onClick='toggleBox("Output-1872905355", this, "Show output", "Hide output");'>Show output</a>

<a href="#Output-1872905355" onClick="toggleAllBoxes();">Show all outputs</a>
<div class='log' id="Output-1872905355">
 'URL' is showing on Webpage https://www.investopedia.com/simulator/<br/>
</div>
</td>
<td></td>
<td>0</td>
<td>TestCases._1_HomePageTestCase@5b3f61ff</td></tr>
<tr>
<td title='TestCases._1_HomePageTestCase.verifycopyRightsLableTest()'><b>verifycopyRightsLableTest</b><br>Test class: TestCases._1_HomePageTestCase<br/>
<a href="#Output-452236638" onClick='toggleBox("Output-452236638", this, "Show output", "Hide output");'>Show output</a>

<a href="#Output-452236638" onClick="toggleAllBoxes();">Show all outputs</a>
<div class='log' id="Output-452236638">
 'Copy Rights Lable' is showing on Webpage<br/>
</div>
</td>
<td></td>
<td>0</td>
<td>TestCases._1_HomePageTestCase@5b3f61ff</td></tr>
<tr>
<td title='TestCases._2_LoginPageTestCase.verifyloginButtonTest()'><b>verifyloginButtonTest</b><br>Test class: TestCases._2_LoginPageTestCase<br/>
<a href="#Output-1656194780" onClick='toggleBox("Output-1656194780", this, "Show output", "Hide output");'>Show output</a>

<a href="#Output-1656194780" onClick="toggleAllBoxes();">Show all outputs</a>
<div class='log' id="Output-1656194780">
Login button showing in website:- true<br/>
</div>
</td>
<td></td>
<td>0</td>
<td>TestCases._2_LoginPageTestCase@1a72a540</td></tr>
<tr>
<td title='TestCases._1_HomePageTestCase.verifyhelpCenterLableTest()'><b>verifyhelpCenterLableTest</b><br>Test class: TestCases._1_HomePageTestCase<br/>
<a href="#Output-2133612542" onClick='toggleBox("Output-2133612542", this, "Show output", "Hide output");'>Show output</a>

<a href="#Output-2133612542" onClick="toggleAllBoxes();">Show all outputs</a>
<div class='log' id="Output-2133612542">
 'Help Center' Lable is showing on Webpage<br/>
</div>
</td>
<td></td>
<td>0</td>
<td>TestCases._1_HomePageTestCase@5b3f61ff</td></tr>
<tr>
<td title='TestCases._2_LoginPageTestCase.verifybrandLogoTest()'><b>verifybrandLogoTest</b><br>Test class: TestCases._2_LoginPageTestCase<br/>
<a href="#Output-1345063038" onClick='toggleBox("Output-1345063038", this, "Show output", "Hide output");'>Show output</a>

<a href="#Output-1345063038" onClick="toggleAllBoxes();">Show all outputs</a>
<div class='log' id="Output-1345063038">
Brand logo showing in webpage:- true<br/>
</div>
</td>
<td></td>
<td>0</td>
<td>TestCases._2_LoginPageTestCase@1a72a540</td></tr>
<tr>
<td title='TestCases._1_HomePageTestCase.verifylandingPageLogoTest()'><b>verifylandingPageLogoTest</b><br>Test class: TestCases._1_HomePageTestCase<br/>
<a href="#Output-701652581" onClick='toggleBox("Output-701652581", this, "Show output", "Hide output");'>Show output</a>

<a href="#Output-701652581" onClick="toggleAllBoxes();">Show all outputs</a>
<div class='log' id="Output-701652581">
 'Landling Logo' is showing on Webpage<br/>
</div>
</td>
<td></td>
<td>0</td>
<td>TestCases._1_HomePageTestCase@5b3f61ff</td></tr>
<tr>
<td title='TestCases._2_LoginPageTestCase.verifypasswordTextBoxTest()'><b>verifypasswordTextBoxTest</b><br>Test class: TestCases._2_LoginPageTestCase<br/>
<a href="#Output-880490252" onClick='toggleBox("Output-880490252", this, "Show output", "Hide output");'>Show output</a>

<a href="#Output-880490252" onClick="toggleAllBoxes();">Show all outputs</a>
<div class='log' id="Output-880490252">
Username text box showing in the website:- true<br/>
</div>
</td>
<td></td>
<td>0</td>
<td>TestCases._2_LoginPageTestCase@1a72a540</td></tr>
<tr>
<td title='TestCases._1_HomePageTestCase.verifytermsLableTest()'><b>verifytermsLableTest</b><br>Test class: TestCases._1_HomePageTestCase<br/>
<a href="#Output-890236948" onClick='toggleBox("Output-890236948", this, "Show output", "Hide output");'>Show output</a>

<a href="#Output-890236948" onClick="toggleAllBoxes();">Show all outputs</a>
<div class='log' id="Output-890236948">
 'Terms lable' is showing on Webpage<br/>
</div>
</td>
<td></td>
<td>0</td>
<td>TestCases._1_HomePageTestCase@5b3f61ff</td></tr>
</table><p>
</body>
</html>