<?xml version="1.0" encoding="UTF-8"?>
<!-- Generated by org.testng.reporters.JUnitXMLReporter -->
<testsuite ignored="0" hostname="Shubham" failures="2" tests="18" name="Test" time="155.876" errors="0" timestamp="2024-10-16T13:52:33 IST">
  <testcase classname="TestCases._1_HomePageTestCase" name="verifyTitleTest" time="1.637"/>
  <testcase classname="TestCases._1_HomePageTestCase" name="verifyURLTest" time="0.292"/>
  <testcase classname="TestCases._1_HomePageTestCase" name="verifycopyRightsLableTest" time="0.6"/>
  <testcase classname="TestCases._1_HomePageTestCase" name="verifygetStartedButtonTest" time="0.449"/>
  <testcase classname="TestCases._1_HomePageTestCase" name="verifyhelpCenterLableTest" time="0.715"/>
  <testcase classname="TestCases._1_HomePageTestCase" name="verifylandingPageLogoTest" time="0.461"/>
  <testcase classname="TestCases._1_HomePageTestCase" name="verifyloginButtonTest" time="0.037"/>
  <testcase classname="TestCases._1_HomePageTestCase" name="verifypolicyLableTest" time="0.422"/>
  <testcase classname="TestCases._1_HomePageTestCase" name="verifytermsLableTest" time="0.382"/>
  <testcase classname="TestCases._2_LoginPageTestCase" name="verfiyLoginPageURLTest" time="0.072">
    <failure type="java.lang.AssertionError" message="expected [https://auth.investopedia.com/realms/investopedia/protocol/openid-connect/auth?client_id=finance-simulator&amp;amp;redirect_uri=https%3A%2F%2Fwww.investopedia.com%2Fsimulator%2Fportfolio&amp;amp;state=494c1703-4dfe-45cf-9eaf-46a36045e208&amp;amp;response_mode=fragment&amp;amp;response_type=code&amp;amp;scope=openid&amp;amp;nonce=1238173b-1313-45ca-93df-f5e60a8aa566] but found [https://auth.investopedia.com/realms/investopedia/protocol/openid-connect/auth?client_id=finance-simulator&amp;amp;redirect_uri=https%3A%2F%2Fwww.investopedia.com%2Fsimulator%2Fportfolio&amp;amp;state=166fc85f-fd1f-4b08-8c1b-499c1692f221&amp;amp;response_mode=fragment&amp;amp;response_type=code&amp;amp;scope=openid&amp;amp;nonce=a2db27c2-1b63-47e1-94d9-c7d30025e808]">
      <![CDATA[java.lang.AssertionError: expected [https://auth.investopedia.com/realms/investopedia/protocol/openid-connect/auth?client_id=finance-simulator&redirect_uri=https%3A%2F%2Fwww.investopedia.com%2Fsimulator%2Fportfolio&state=494c1703-4dfe-45cf-9eaf-46a36045e208&response_mode=fragment&response_type=code&scope=openid&nonce=1238173b-1313-45ca-93df-f5e60a8aa566] but found [https://auth.investopedia.com/realms/investopedia/protocol/openid-connect/auth?client_id=finance-simulator&redirect_uri=https%3A%2F%2Fwww.investopedia.com%2Fsimulator%2Fportfolio&state=166fc85f-fd1f-4b08-8c1b-499c1692f221&response_mode=fragment&response_type=code&scope=openid&nonce=a2db27c2-1b63-47e1-94d9-c7d30025e808]
at TestCases._2_LoginPageTestCase.verfiyLoginPageURLTest(_2_LoginPageTestCase.java:37)
at java.base/java.util.ArrayList.forEach(ArrayList.java:1511)
... Removed 33 stack frames]]>
    </failure>
  </testcase> <!-- verfiyLoginPageURLTest -->
  <testcase classname="TestCases._2_LoginPageTestCase" name="verfiyLoginToApplicationTest" time="3.429">
    <failure type="java.lang.AssertionError" message="expected [Log In | Investopedia] but found [Portfolio - Investopedia Stock Simulator]">
      <![CDATA[java.lang.AssertionError: expected [Log In | Investopedia] but found [Portfolio - Investopedia Stock Simulator]
at TestCases._2_LoginPageTestCase.verfiyLoginToApplicationTest(_2_LoginPageTestCase.java:109)
at java.base/java.util.ArrayList.forEach(ArrayList.java:1511)
... Removed 33 stack frames]]>
    </failure>
  </testcase> <!-- verfiyLoginToApplicationTest -->
  <testcase classname="TestCases._2_LoginPageTestCase" name="verifybackButtonTest" time="0.039"/>
  <testcase classname="TestCases._2_LoginPageTestCase" name="verifybrandLogoTest" time="0.034"/>
  <testcase classname="TestCases._2_LoginPageTestCase" name="verifycreateAccountLinkTest" time="0.038"/>
  <testcase classname="TestCases._2_LoginPageTestCase" name="verifyforgatePasswordLinkTest" time="0.031"/>
  <testcase classname="TestCases._2_LoginPageTestCase" name="verifyloginButtonTest" time="0.027"/>
  <testcase classname="TestCases._2_LoginPageTestCase" name="verifypasswordTextBoxTest" time="0.079"/>
  <testcase classname="TestCases._2_LoginPageTestCase" name="verifyuserNameTextBoxTest" time="0.051"/>
</testsuite> <!-- Test -->
