<?xml version="1.0" encoding="UTF-8"?>
<!-- Generated by org.testng.reporters.JUnitReportReporter -->
<testsuite hostname="Shubham" failures="1" tests="9" name="TestCases._1_HomePageTestCase" time="50.194" errors="0" timestamp="2024-10-16T12:14:45 IST" skipped="0">
  <testcase classname="TestCases._1_HomePageTestCase" name="verifycopyRightsLableTest" time="7.113"/>
  <system-out>
    <![CDATA[ 'Copy Rights Lable' is showing on Webpage]]>
  </system-out>
  <testcase classname="TestCases._1_HomePageTestCase" name="verifyTitleTest" time="5.097">
    <failure message="expected [Simulator - Investopedia Stock Simulator] but found [Simulator - Investopedia Stock ]" type="java.lang.AssertionError">
      <![CDATA[java.lang.AssertionError: expected [Simulator - Investopedia Stock Simulator] but found [Simulator - Investopedia Stock ]
at org.testng.Assert.fail(Assert.java:110)
at org.testng.Assert.failNotEquals(Assert.java:1413)
at org.testng.Assert.assertEqualsImpl(Assert.java:149)
at org.testng.Assert.assertEquals(Assert.java:131)
at org.testng.Assert.assertEquals(Assert.java:655)
at org.testng.Assert.assertEquals(Assert.java:665)
at TestCases._1_HomePageTestCase.verifyTitleTest(_1_LoginPageTestCase.java:42)
at java.base/jdk.internal.reflect.NativeMethodAccessorImpl.invoke0(Native Method)
at java.base/jdk.internal.reflect.NativeMethodAccessorImpl.invoke(NativeMethodAccessorImpl.java:77)
at java.base/jdk.internal.reflect.DelegatingMethodAccessorImpl.invoke(DelegatingMethodAccessorImpl.java:43)
at java.base/java.lang.reflect.Method.invoke(Method.java:568)
at org.testng.internal.invokers.MethodInvocationHelper.invokeMethod(MethodInvocationHelper.java:139)
at org.testng.internal.invokers.TestInvoker.invokeMethod(TestInvoker.java:677)
at org.testng.internal.invokers.TestInvoker.invokeTestMethod(TestInvoker.java:221)
at org.testng.internal.invokers.MethodRunner.runInSequence(MethodRunner.java:50)
at org.testng.internal.invokers.TestInvoker$MethodInvocationAgent.invoke(TestInvoker.java:969)
at org.testng.internal.invokers.TestInvoker.invokeTestMethods(TestInvoker.java:194)
at org.testng.internal.invokers.TestMethodWorker.invokeTestMethods(TestMethodWorker.java:148)
at org.testng.internal.invokers.TestMethodWorker.run(TestMethodWorker.java:128)
at java.base/java.util.ArrayList.forEach(ArrayList.java:1511)
at org.testng.TestRunner.privateRun(TestRunner.java:829)
at org.testng.TestRunner.run(TestRunner.java:602)
at org.testng.SuiteRunner.runTest(SuiteRunner.java:437)
at org.testng.SuiteRunner.runSequentially(SuiteRunner.java:431)
at org.testng.SuiteRunner.privateRun(SuiteRunner.java:391)
at org.testng.SuiteRunner.run(SuiteRunner.java:330)
at org.testng.SuiteRunnerWorker.runSuite(SuiteRunnerWorker.java:52)
at org.testng.SuiteRunnerWorker.run(SuiteRunnerWorker.java:95)
at org.testng.TestNG.runSuitesSequentially(TestNG.java:1256)
at org.testng.TestNG.runSuitesLocally(TestNG.java:1176)
at org.testng.TestNG.runSuites(TestNG.java:1099)
at org.testng.TestNG.run(TestNG.java:1067)
at org.testng.remote.AbstractRemoteTestNG.run(AbstractRemoteTestNG.java:115)
at org.testng.remote.RemoteTestNG.initAndRun(RemoteTestNG.java:293)
at org.testng.remote.RemoteTestNG.main(RemoteTestNG.java:91)
]]>
    </failure>
  </testcase> <!-- verifyTitleTest -->
  <system-out/>
  <testcase classname="TestCases._1_HomePageTestCase" name="verifylandingPageLogoTest" time="5.406"/>
  <system-out>
    <![CDATA[ 'Landling Logo' is showing on Webpage]]>
  </system-out>
  <testcase classname="TestCases._1_HomePageTestCase" name="verifygetStartedButtonTest" time="6.027"/>
  <system-out>
    <![CDATA[ 'Started Button' is showing on Webpage]]>
  </system-out>
  <testcase classname="TestCases._1_HomePageTestCase" name="verifyhelpCenterLableTest" time="5.292"/>
  <system-out>
    <![CDATA[ 'Help Center' Lable is showing on Webpage]]>
  </system-out>
  <testcase classname="TestCases._1_HomePageTestCase" name="verifytermsLableTest" time="5.331"/>
  <system-out>
    <![CDATA[ 'Terms lable' is showing on Webpage]]>
  </system-out>
  <testcase classname="TestCases._1_HomePageTestCase" name="verifyURLTest" time="4.898"/>
  <system-out>
    <![CDATA[ 'URL' is showing on Webpage https://www.investopedia.com/simulator/]]>
  </system-out>
  <testcase classname="TestCases._1_HomePageTestCase" name="verifyloginButtonTest" time="5.917"/>
  <system-out>
    <![CDATA[ 'Login Button' is showing on Webpage]]>
  </system-out>
  <testcase classname="TestCases._1_HomePageTestCase" name="verifypolicyLableTest" time="5.113"/>
  <system-out>
    <![CDATA[ 'Policy Lable' is showing on Webpage]]>
  </system-out>
</testsuite> <!-- TestCases._1_HomePageTestCase -->
