<?xml version="1.0" encoding="UTF-8"?>
<!-- Generated by org.testng.reporters.JUnitReportReporter -->
<testsuite hostname="Shubham" failures="2" tests="9" name="TestCases._2_LoginPageTestCase" time="30.889" errors="0" timestamp="2024-10-16T14:03:20 IST" skipped="7">
  <testcase classname="TestCases._2_LoginPageTestCase" name="verfiyLoginToApplicationTest" time="12.042">
    <failure message="expected [Log In | Investopedia] but found [Portfolio - Investopedia Stock Simulator]" type="java.lang.AssertionError">
      <![CDATA[java.lang.AssertionError: expected [Log In | Investopedia] but found [Portfolio - Investopedia Stock Simulator]
at org.testng.Assert.fail(Assert.java:110)
at org.testng.Assert.failNotEquals(Assert.java:1413)
at org.testng.Assert.assertEqualsImpl(Assert.java:149)
at org.testng.Assert.assertEquals(Assert.java:131)
at org.testng.Assert.assertEquals(Assert.java:655)
at org.testng.Assert.assertEquals(Assert.java:665)
at TestCases._2_LoginPageTestCase.verfiyLoginToApplicationTest(_2_LoginPageTestCase.java:109)
at java.base/jdk.internal.reflect.NativeMethodAccessorImpl.invoke0(Native Method)
at java.base/jdk.internal.reflect.NativeMethodAccessorImpl.invoke(NativeMethodAccessorImpl.java:77)
at java.base/jdk.internal.reflect.DelegatingMethodAccessorImpl.invoke(DelegatingMethodAccessorImpl.java:43)
at java.base/java.lang.reflect.Method.invoke(Method.java:568)
at org.testng.internal.invokers.MethodInvocationHelper.invokeMethod(MethodInvocationHelper.java:139)
at org.testng.internal.invokers.TestInvoker.invokeMethod(TestInvoker.java:677)
at org.testng.internal.invokers.TestInvoker.invokeTestMethod(TestInvoker.java:221)
at org.testng.internal.invokers.MethodRunner.runInSequence(MethodRunner.java:50)
at org.testng.internal.invokers.TestInvoker$MethodInvocationAgent.invoke(TestInvoker.java:969)
at org.testng.internal.invokers.TestInvoker.invokeTestMethods(TestInvoker.java:194)
at org.testng.internal.invokers.TestMethodWorker.invokeTestMethods(TestMethodWorker.java:148)
at org.testng.internal.invokers.TestMethodWorker.run(TestMethodWorker.java:128)
at java.base/java.util.ArrayList.forEach(ArrayList.java:1511)
at org.testng.TestRunner.privateRun(TestRunner.java:829)
at org.testng.TestRunner.run(TestRunner.java:602)
at org.testng.SuiteRunner.runTest(SuiteRunner.java:437)
at org.testng.SuiteRunner.runSequentially(SuiteRunner.java:431)
at org.testng.SuiteRunner.privateRun(SuiteRunner.java:391)
at org.testng.SuiteRunner.run(SuiteRunner.java:330)
at org.testng.SuiteRunnerWorker.runSuite(SuiteRunnerWorker.java:52)
at org.testng.SuiteRunnerWorker.run(SuiteRunnerWorker.java:95)
at org.testng.TestNG.runSuitesSequentially(TestNG.java:1256)
at org.testng.TestNG.runSuitesLocally(TestNG.java:1176)
at org.testng.TestNG.runSuites(TestNG.java:1099)
at org.testng.TestNG.run(TestNG.java:1067)
at org.testng.remote.AbstractRemoteTestNG.run(AbstractRemoteTestNG.java:115)
at org.testng.remote.RemoteTestNG.initAndRun(RemoteTestNG.java:293)
at org.testng.remote.RemoteTestNG.main(RemoteTestNG.java:91)
]]>
    </failure>
  </testcase> <!-- verfiyLoginToApplicationTest -->
  <system-out/>
  <testcase classname="TestCases._2_LoginPageTestCase" name="verfiyLoginPageURLTest" time="18.847">
    <failure message="expected [https://auth.investopedia.com/realms/investopedia/protocol/openid-connect/auth?client_id=finance-simulator&amp;redirect_uri=https%3A%2F%2Fwww.investopedia.com%2Fsimulator%2Fportfolio&amp;state=59e0abba-92c4-4dfb-8c3b-6b4788819897&amp;response_mode=fragment&amp;response_type=code&amp;scope=openid&amp;nonce=05abac1b-5287-4228-8a07-8c1160364c14] but found [https://auth.investopedia.com/realms/investopedia/protocol/openid-connect/auth?client_id=finance-simulator&amp;redirect_uri=https%3A%2F%2Fwww.investopedia.com%2Fsimulator%2Fportfolio&amp;state=166fc85f-fd1f-4b08-8c1b-499c1692f221&amp;response_mode=fragment&amp;response_type=code&amp;scope=openid&amp;nonce=a2db27c2-1b63-47e1-94d9-c7d30025e808]" type="java.lang.AssertionError">
      <![CDATA[java.lang.AssertionError: expected [https://auth.investopedia.com/realms/investopedia/protocol/openid-connect/auth?client_id=finance-simulator&redirect_uri=https%3A%2F%2Fwww.investopedia.com%2Fsimulator%2Fportfolio&state=59e0abba-92c4-4dfb-8c3b-6b4788819897&response_mode=fragment&response_type=code&scope=openid&nonce=05abac1b-5287-4228-8a07-8c1160364c14] but found [https://auth.investopedia.com/realms/investopedia/protocol/openid-connect/auth?client_id=finance-simulator&redirect_uri=https%3A%2F%2Fwww.investopedia.com%2Fsimulator%2Fportfolio&state=166fc85f-fd1f-4b08-8c1b-499c1692f221&response_mode=fragment&response_type=code&scope=openid&nonce=a2db27c2-1b63-47e1-94d9-c7d30025e808]
at org.testng.Assert.fail(Assert.java:110)
at org.testng.Assert.failNotEquals(Assert.java:1413)
at org.testng.Assert.assertEqualsImpl(Assert.java:149)
at org.testng.Assert.assertEquals(Assert.java:131)
at org.testng.Assert.assertEquals(Assert.java:655)
at org.testng.Assert.assertEquals(Assert.java:665)
at TestCases._2_LoginPageTestCase.verfiyLoginPageURLTest(_2_LoginPageTestCase.java:37)
at java.base/jdk.internal.reflect.NativeMethodAccessorImpl.invoke0(Native Method)
at java.base/jdk.internal.reflect.NativeMethodAccessorImpl.invoke(NativeMethodAccessorImpl.java:77)
at java.base/jdk.internal.reflect.DelegatingMethodAccessorImpl.invoke(DelegatingMethodAccessorImpl.java:43)
at java.base/java.lang.reflect.Method.invoke(Method.java:568)
at org.testng.internal.invokers.MethodInvocationHelper.invokeMethod(MethodInvocationHelper.java:139)
at org.testng.internal.invokers.TestInvoker.invokeMethod(TestInvoker.java:677)
at org.testng.internal.invokers.TestInvoker.invokeTestMethod(TestInvoker.java:221)
at org.testng.internal.invokers.MethodRunner.runInSequence(MethodRunner.java:50)
at org.testng.internal.invokers.TestInvoker$MethodInvocationAgent.invoke(TestInvoker.java:969)
at org.testng.internal.invokers.TestInvoker.invokeTestMethods(TestInvoker.java:194)
at org.testng.internal.invokers.TestMethodWorker.invokeTestMethods(TestMethodWorker.java:148)
at org.testng.internal.invokers.TestMethodWorker.run(TestMethodWorker.java:128)
at java.base/java.util.ArrayList.forEach(ArrayList.java:1511)
at org.testng.TestRunner.privateRun(TestRunner.java:829)
at org.testng.TestRunner.run(TestRunner.java:602)
at org.testng.SuiteRunner.runTest(SuiteRunner.java:437)
at org.testng.SuiteRunner.runSequentially(SuiteRunner.java:431)
at org.testng.SuiteRunner.privateRun(SuiteRunner.java:391)
at org.testng.SuiteRunner.run(SuiteRunner.java:330)
at org.testng.SuiteRunnerWorker.runSuite(SuiteRunnerWorker.java:52)
at org.testng.SuiteRunnerWorker.run(SuiteRunnerWorker.java:95)
at org.testng.TestNG.runSuitesSequentially(TestNG.java:1256)
at org.testng.TestNG.runSuitesLocally(TestNG.java:1176)
at org.testng.TestNG.runSuites(TestNG.java:1099)
at org.testng.TestNG.run(TestNG.java:1067)
at org.testng.remote.AbstractRemoteTestNG.run(AbstractRemoteTestNG.java:115)
at org.testng.remote.RemoteTestNG.initAndRun(RemoteTestNG.java:293)
at org.testng.remote.RemoteTestNG.main(RemoteTestNG.java:91)
]]>
    </failure>
  </testcase> <!-- verfiyLoginPageURLTest -->
  <system-out/>
  <testcase classname="TestCases._2_LoginPageTestCase" name="verifyuserNameTextBoxTest">
    <skipped/>
  </testcase> <!-- verifyuserNameTextBoxTest -->
  <system-out/>
  <testcase classname="TestCases._2_LoginPageTestCase" name="verifyforgatePasswordLinkTest">
    <skipped/>
  </testcase> <!-- verifyforgatePasswordLinkTest -->
  <system-out/>
  <testcase classname="TestCases._2_LoginPageTestCase" name="verifypasswordTextBoxTest">
    <skipped/>
  </testcase> <!-- verifypasswordTextBoxTest -->
  <system-out/>
  <testcase classname="TestCases._2_LoginPageTestCase" name="verifyloginButtonTest">
    <skipped/>
  </testcase> <!-- verifyloginButtonTest -->
  <system-out/>
  <testcase classname="TestCases._2_LoginPageTestCase" name="verifycreateAccountLinkTest">
    <skipped/>
  </testcase> <!-- verifycreateAccountLinkTest -->
  <system-out/>
  <testcase classname="TestCases._2_LoginPageTestCase" name="verifybackButtonTest">
    <skipped/>
  </testcase> <!-- verifybackButtonTest -->
  <system-out/>
  <testcase classname="TestCases._2_LoginPageTestCase" name="verifybrandLogoTest">
    <skipped/>
  </testcase> <!-- verifybrandLogoTest -->
  <system-out/>
</testsuite> <!-- TestCases._2_LoginPageTestCase -->
